<?xml version="1.0" encoding="UTF-8"?>
<testsuite name="DollarCaculatorTest" tests="3" skipped="0" failures="0" errors="0" timestamp="2021-06-29T09:16:34" hostname="gangminhuiui-MacBookPro.local" time="0.426">
  <properties/>
  <testcase name="dollarTest()" classname="DollarCaculatorTest" time="0.41"/>
  <testcase name="testHello()" classname="DollarCaculatorTest" time="0.007"/>
  <testcase name="mockTest()" classname="DollarCaculatorTest" time="0.005"/>
  <system-out><![CDATA[22000
hello
]]></system-out>
  <system-err><![CDATA[]]></system-err>
</testsuite>
